c:\open gl\new opengl\minimastudio\minimastudio\x64\debug\vc143.pdb
c:\open gl\new opengl\minimastudio\minimastudio\x64\debug\vc143.idb
c:\open gl\new opengl\minimastudio\minimastudio\x64\debug\glad.obj
c:\open gl\new opengl\minimastudio\minimastudio\x64\debug\stb.obj
c:\open gl\new opengl\minimastudio\minimastudio\x64\debug\plane.obj
c:\open gl\new opengl\minimastudio\minimastudio\x64\debug\main.obj
c:\open gl\new opengl\minimastudio\x64\debug\minimastudio.pdb
c:\open gl\new opengl\minimastudio\minimastudio\x64\debug\minimastudio.tlog\cl.command.1.tlog
c:\open gl\new opengl\minimastudio\minimastudio\x64\debug\minimastudio.tlog\cl.items.tlog
c:\open gl\new opengl\minimastudio\minimastudio\x64\debug\minimastudio.tlog\cl.read.1.tlog
c:\open gl\new opengl\minimastudio\minimastudio\x64\debug\minimastudio.tlog\cl.write.1.tlog
c:\open gl\new opengl\minimastudio\minimastudio\x64\debug\minimastudio.tlog\link-cvtres.read.1.tlog
c:\open gl\new opengl\minimastudio\minimastudio\x64\debug\minimastudio.tlog\link-cvtres.write.1.tlog
c:\open gl\new opengl\minimastudio\minimastudio\x64\debug\minimastudio.tlog\link-rc.read.1.tlog
c:\open gl\new opengl\minimastudio\minimastudio\x64\debug\minimastudio.tlog\link-rc.write.1.tlog
c:\open gl\new opengl\minimastudio\minimastudio\x64\debug\minimastudio.tlog\link.42704-cvtres.read.1.tlog
c:\open gl\new opengl\minimastudio\minimastudio\x64\debug\minimastudio.tlog\link.42704-cvtres.write.1.tlog
c:\open gl\new opengl\minimastudio\minimastudio\x64\debug\minimastudio.tlog\link.42704-rc.read.1.tlog
c:\open gl\new opengl\minimastudio\minimastudio\x64\debug\minimastudio.tlog\link.42704-rc.write.1.tlog
c:\open gl\new opengl\minimastudio\minimastudio\x64\debug\minimastudio.tlog\link.42704.read.1.tlog
c:\open gl\new opengl\minimastudio\minimastudio\x64\debug\minimastudio.tlog\link.42704.read.2.tlog
c:\open gl\new opengl\minimastudio\minimastudio\x64\debug\minimastudio.tlog\link.42704.write.1.tlog
c:\open gl\new opengl\minimastudio\minimastudio\x64\debug\minimastudio.tlog\link.command.1.tlog
c:\open gl\new opengl\minimastudio\minimastudio\x64\debug\minimastudio.tlog\link.read.1.tlog
c:\open gl\new opengl\minimastudio\minimastudio\x64\debug\minimastudio.tlog\link.read.2.tlog
c:\open gl\new opengl\minimastudio\minimastudio\x64\debug\minimastudio.tlog\link.write.1.tlog
