  game.cpp
  GameManager.cpp
C:\open gl\new OpenGL\MinimaStudio\MinimaStudio\window.h(4,10): fatal  error C1083: Cannot open include file: 'glfw/glfw3.h': No such file or directory
  main.cpp
C:\open gl\new OpenGL\MinimaStudio\MinimaStudio\window.h(4,10): fatal  error C1083: Cannot open include file: 'glfw/glfw3.h': No such file or directory
  planeMesh.cpp
C:\open gl\new OpenGL\MinimaStudio\MinimaStudio\mesh_Base.h(4,10): fatal  error C1083: Cannot open include file: 'GL/gl3w.h': No such file or directory
  position.cpp
C:\open gl\new OpenGL\MinimaStudio\MinimaStudio\vector3.h(3,10): fatal  error C1083: Cannot open include file: 'glm/vec3.hpp': No such file or directory
  rotation.cpp
C:\open gl\new OpenGL\MinimaStudio\MinimaStudio\vector3.h(3,10): fatal  error C1083: Cannot open include file: 'glm/vec3.hpp': No such file or directory
  scale.cpp
C:\open gl\new OpenGL\MinimaStudio\MinimaStudio\vector3.h(3,10): fatal  error C1083: Cannot open include file: 'glm/vec3.hpp': No such file or directory
  transform.cpp
C:\open gl\new OpenGL\MinimaStudio\MinimaStudio\vector3.h(3,10): fatal  error C1083: Cannot open include file: 'glm/vec3.hpp': No such file or directory
  vector3.cpp
C:\open gl\new OpenGL\MinimaStudio\MinimaStudio\vector3.h(3,10): fatal  error C1083: Cannot open include file: 'glm/vec3.hpp': No such file or directory
  window.cpp
C:\open gl\new OpenGL\MinimaStudio\MinimaStudio\window.h(4,10): fatal  error C1083: Cannot open include file: 'glfw/glfw3.h': No such file or directory
  Generating Code...
